2022/09/05 09:15:07 [notice] 1#1: using the "epoll" event method
2022/09/05 09:15:07 [notice] 1#1: nginx/1.21.6
2022/09/05 09:15:07 [notice] 1#1: built by gcc 10.2.1 20210110 (Debian 10.2.1-6) 
2022/09/05 09:15:07 [notice] 1#1: OS: Linux 5.10.16.3-microsoft-standard-WSL2
2022/09/05 09:15:07 [notice] 1#1: getrlimit(RLIMIT_NOFILE): 1048576:1048576
2022/09/05 09:15:07 [notice] 1#1: start worker processes
2022/09/05 09:15:07 [notice] 1#1: start worker process 22
2022/09/05 09:15:07 [notice] 1#1: start worker process 23
2022/09/05 09:15:07 [notice] 1#1: start worker process 24
2022/09/05 09:15:07 [notice] 1#1: start worker process 25
2022/09/05 09:15:07 [notice] 1#1: start worker process 26
2022/09/05 09:15:07 [notice] 1#1: start worker process 27
2022/09/05 09:15:07 [notice] 1#1: start worker process 28
2022/09/05 09:15:07 [notice] 1#1: start worker process 29
2022/09/06 02:18:26 [notice] 1#1: signal 3 (SIGQUIT) received, shutting down
2022/09/06 02:18:26 [notice] 22#22: gracefully shutting down
2022/09/06 02:18:26 [notice] 23#23: gracefully shutting down
2022/09/06 02:18:26 [notice] 24#24: gracefully shutting down
2022/09/06 02:18:26 [notice] 26#26: gracefully shutting down
2022/09/06 02:18:26 [notice] 25#25: gracefully shutting down
2022/09/06 02:18:26 [notice] 27#27: gracefully shutting down
2022/09/06 02:18:26 [notice] 28#28: gracefully shutting down
2022/09/06 02:18:26 [notice] 29#29: gracefully shutting down
2022/09/06 02:18:26 [notice] 22#22: exiting
2022/09/06 02:18:26 [notice] 23#23: exiting
2022/09/06 02:18:26 [notice] 24#24: exiting
2022/09/06 02:18:26 [notice] 26#26: exiting
2022/09/06 02:18:26 [notice] 25#25: exiting
2022/09/06 02:18:26 [notice] 27#27: exiting
2022/09/06 02:18:26 [notice] 28#28: exiting
2022/09/06 02:18:26 [notice] 29#29: exiting
2022/09/06 02:18:26 [notice] 22#22: exit
2022/09/06 02:18:26 [notice] 23#23: exit
2022/09/06 02:18:26 [notice] 24#24: exit
2022/09/06 02:18:26 [notice] 26#26: exit
2022/09/06 02:18:26 [notice] 25#25: exit
2022/09/06 02:18:26 [notice] 27#27: exit
2022/09/06 02:18:26 [notice] 28#28: exit
2022/09/06 02:18:26 [notice] 29#29: exit
2022/09/06 02:18:26 [notice] 1#1: signal 17 (SIGCHLD) received from 23
2022/09/06 02:18:26 [notice] 1#1: worker process 23 exited with code 0
2022/09/06 02:18:26 [notice] 1#1: worker process 28 exited with code 0
2022/09/06 02:18:26 [notice] 1#1: signal 29 (SIGIO) received
2022/09/06 02:18:26 [notice] 1#1: signal 17 (SIGCHLD) received from 28
2022/09/06 02:18:26 [notice] 1#1: signal 17 (SIGCHLD) received from 26
2022/09/06 02:18:26 [notice] 1#1: worker process 22 exited with code 0
2022/09/06 02:18:26 [notice] 1#1: worker process 25 exited with code 0
2022/09/06 02:18:26 [notice] 1#1: worker process 26 exited with code 0
2022/09/06 02:18:26 [notice] 1#1: worker process 27 exited with code 0
2022/09/06 02:18:26 [notice] 1#1: signal 29 (SIGIO) received
2022/09/06 02:18:26 [notice] 1#1: signal 17 (SIGCHLD) received from 22
2022/09/06 02:18:26 [notice] 1#1: signal 17 (SIGCHLD) received from 24
2022/09/06 02:18:26 [notice] 1#1: worker process 24 exited with code 0
2022/09/06 02:18:26 [notice] 1#1: worker process 29 exited with code 0
2022/09/06 02:18:26 [notice] 1#1: exit
2022/09/06 02:18:39 [notice] 1#1: using the "epoll" event method
2022/09/06 02:18:39 [notice] 1#1: nginx/1.21.6
2022/09/06 02:18:39 [notice] 1#1: built by gcc 10.2.1 20210110 (Debian 10.2.1-6) 
2022/09/06 02:18:39 [notice] 1#1: OS: Linux 5.10.16.3-microsoft-standard-WSL2
2022/09/06 02:18:39 [notice] 1#1: getrlimit(RLIMIT_NOFILE): 1048576:1048576
2022/09/06 02:18:39 [notice] 1#1: start worker processes
2022/09/06 02:18:39 [notice] 1#1: start worker process 22
2022/09/06 02:18:39 [notice] 1#1: start worker process 23
2022/09/06 02:18:39 [notice] 1#1: start worker process 24
2022/09/06 02:18:39 [notice] 1#1: start worker process 25
2022/09/06 02:18:39 [notice] 1#1: start worker process 26
2022/09/06 02:18:39 [notice] 1#1: start worker process 27
2022/09/06 02:18:39 [notice] 1#1: start worker process 28
2022/09/06 02:18:39 [notice] 1#1: start worker process 29
2022/09/06 03:04:24 [notice] 1#1: signal 3 (SIGQUIT) received, shutting down
2022/09/06 03:04:24 [notice] 22#22: gracefully shutting down
2022/09/06 03:04:24 [notice] 24#24: gracefully shutting down
2022/09/06 03:04:24 [notice] 23#23: gracefully shutting down
2022/09/06 03:04:24 [notice] 26#26: gracefully shutting down
2022/09/06 03:04:24 [notice] 26#26: exiting
2022/09/06 03:04:24 [notice] 27#27: gracefully shutting down
2022/09/06 03:04:24 [notice] 25#25: gracefully shutting down
2022/09/06 03:04:24 [notice] 28#28: gracefully shutting down
2022/09/06 03:04:24 [notice] 29#29: gracefully shutting down
2022/09/06 03:04:24 [notice] 22#22: exiting
2022/09/06 03:04:24 [notice] 24#24: exiting
2022/09/06 03:04:24 [notice] 23#23: exiting
2022/09/06 03:04:24 [notice] 26#26: exit
2022/09/06 03:04:24 [notice] 27#27: exiting
2022/09/06 03:04:24 [notice] 25#25: exiting
2022/09/06 03:04:24 [notice] 28#28: exiting
2022/09/06 03:04:24 [notice] 29#29: exiting
2022/09/06 03:04:24 [notice] 29#29: exit
2022/09/06 03:04:24 [notice] 22#22: exit
2022/09/06 03:04:24 [notice] 24#24: exit
2022/09/06 03:04:24 [notice] 23#23: exit
2022/09/06 03:04:24 [notice] 27#27: exit
2022/09/06 03:04:24 [notice] 25#25: exit
2022/09/06 03:04:24 [notice] 28#28: exit
2022/09/06 03:04:24 [notice] 1#1: signal 17 (SIGCHLD) received from 27
2022/09/06 03:04:24 [notice] 1#1: worker process 26 exited with code 0
2022/09/06 03:04:24 [notice] 1#1: worker process 27 exited with code 0
2022/09/06 03:04:24 [notice] 1#1: worker process 29 exited with code 0
2022/09/06 03:04:24 [notice] 1#1: signal 29 (SIGIO) received
2022/09/06 03:04:24 [notice] 1#1: signal 17 (SIGCHLD) received from 26
2022/09/06 03:04:24 [notice] 1#1: signal 17 (SIGCHLD) received from 23
2022/09/06 03:04:24 [notice] 1#1: worker process 23 exited with code 0
2022/09/06 03:04:24 [notice] 1#1: worker process 24 exited with code 0
2022/09/06 03:04:24 [notice] 1#1: worker process 28 exited with code 0
2022/09/06 03:04:24 [notice] 1#1: signal 29 (SIGIO) received
2022/09/06 03:04:24 [notice] 1#1: signal 17 (SIGCHLD) received from 24
2022/09/06 03:04:24 [notice] 1#1: signal 17 (SIGCHLD) received from 25
2022/09/06 03:04:24 [notice] 1#1: worker process 22 exited with code 0
2022/09/06 03:04:24 [notice] 1#1: worker process 25 exited with code 0
2022/09/06 03:04:24 [notice] 1#1: exit
2022/09/06 03:08:27 [notice] 1#1: using the "epoll" event method
2022/09/06 03:08:27 [notice] 1#1: nginx/1.21.6
2022/09/06 03:08:27 [notice] 1#1: built by gcc 10.2.1 20210110 (Debian 10.2.1-6) 
2022/09/06 03:08:27 [notice] 1#1: OS: Linux 5.10.16.3-microsoft-standard-WSL2
2022/09/06 03:08:27 [notice] 1#1: getrlimit(RLIMIT_NOFILE): 1048576:1048576
2022/09/06 03:08:27 [notice] 1#1: start worker processes
2022/09/06 03:08:27 [notice] 1#1: start worker process 22
2022/09/06 03:08:27 [notice] 1#1: start worker process 23
2022/09/06 03:08:27 [notice] 1#1: start worker process 24
2022/09/06 03:08:27 [notice] 1#1: start worker process 25
2022/09/06 03:08:27 [notice] 1#1: start worker process 26
2022/09/06 03:08:27 [notice] 1#1: start worker process 27
2022/09/06 03:08:27 [notice] 1#1: start worker process 28
2022/09/06 03:08:27 [notice] 1#1: start worker process 29
2022/09/06 03:17:11 [notice] 1#1: signal 3 (SIGQUIT) received, shutting down
2022/09/06 03:17:11 [notice] 22#22: gracefully shutting down
2022/09/06 03:17:11 [notice] 23#23: gracefully shutting down
2022/09/06 03:17:11 [notice] 24#24: gracefully shutting down
2022/09/06 03:17:11 [notice] 25#25: gracefully shutting down
2022/09/06 03:17:11 [notice] 26#26: gracefully shutting down
2022/09/06 03:17:11 [notice] 27#27: gracefully shutting down
2022/09/06 03:17:11 [notice] 28#28: gracefully shutting down
2022/09/06 03:17:11 [notice] 29#29: gracefully shutting down
2022/09/06 03:17:11 [notice] 22#22: exiting
2022/09/06 03:17:11 [notice] 23#23: exiting
2022/09/06 03:17:11 [notice] 24#24: exiting
2022/09/06 03:17:11 [notice] 25#25: exiting
2022/09/06 03:17:11 [notice] 26#26: exiting
2022/09/06 03:17:11 [notice] 27#27: exiting
2022/09/06 03:17:11 [notice] 28#28: exiting
2022/09/06 03:17:11 [notice] 29#29: exiting
2022/09/06 03:17:11 [notice] 22#22: exit
2022/09/06 03:17:11 [notice] 23#23: exit
2022/09/06 03:17:11 [notice] 24#24: exit
2022/09/06 03:17:11 [notice] 25#25: exit
2022/09/06 03:17:11 [notice] 26#26: exit
2022/09/06 03:17:11 [notice] 27#27: exit
2022/09/06 03:17:11 [notice] 28#28: exit
2022/09/06 03:17:11 [notice] 29#29: exit
2022/09/06 03:17:11 [notice] 1#1: signal 17 (SIGCHLD) received from 24
2022/09/06 03:17:11 [notice] 1#1: worker process 24 exited with code 0
2022/09/06 03:17:11 [notice] 1#1: signal 29 (SIGIO) received
2022/09/06 03:17:11 [notice] 1#1: signal 17 (SIGCHLD) received from 28
2022/09/06 03:17:11 [notice] 1#1: worker process 23 exited with code 0
2022/09/06 03:17:11 [notice] 1#1: worker process 27 exited with code 0
2022/09/06 03:17:11 [notice] 1#1: worker process 28 exited with code 0
2022/09/06 03:17:11 [notice] 1#1: signal 29 (SIGIO) received
2022/09/06 03:17:11 [notice] 1#1: signal 17 (SIGCHLD) received from 25
2022/09/06 03:17:11 [notice] 1#1: worker process 25 exited with code 0
2022/09/06 03:17:11 [notice] 1#1: worker process 26 exited with code 0
2022/09/06 03:17:11 [notice] 1#1: signal 29 (SIGIO) received
2022/09/06 03:17:11 [notice] 1#1: signal 17 (SIGCHLD) received from 26
2022/09/06 03:17:11 [notice] 1#1: signal 17 (SIGCHLD) received from 22
2022/09/06 03:17:11 [notice] 1#1: worker process 22 exited with code 0
2022/09/06 03:17:11 [notice] 1#1: worker process 29 exited with code 0
2022/09/06 03:17:11 [notice] 1#1: exit
2022/09/06 03:17:43 [notice] 1#1: using the "epoll" event method
2022/09/06 03:17:43 [notice] 1#1: nginx/1.21.6
2022/09/06 03:17:43 [notice] 1#1: built by gcc 10.2.1 20210110 (Debian 10.2.1-6) 
2022/09/06 03:17:43 [notice] 1#1: OS: Linux 5.10.16.3-microsoft-standard-WSL2
2022/09/06 03:17:43 [notice] 1#1: getrlimit(RLIMIT_NOFILE): 1048576:1048576
2022/09/06 03:17:43 [notice] 1#1: start worker processes
2022/09/06 03:17:43 [notice] 1#1: start worker process 23
2022/09/06 03:17:43 [notice] 1#1: start worker process 24
2022/09/06 03:17:43 [notice] 1#1: start worker process 25
2022/09/06 03:17:43 [notice] 1#1: start worker process 26
2022/09/06 03:17:43 [notice] 1#1: start worker process 27
2022/09/06 03:17:43 [notice] 1#1: start worker process 28
2022/09/06 03:17:43 [notice] 1#1: start worker process 29
2022/09/06 03:17:43 [notice] 1#1: start worker process 30
2022/09/06 03:53:36 [notice] 1#1: signal 3 (SIGQUIT) received, shutting down
2022/09/06 03:53:36 [notice] 24#24: gracefully shutting down
2022/09/06 03:53:36 [notice] 23#23: gracefully shutting down
2022/09/06 03:53:36 [notice] 25#25: gracefully shutting down
2022/09/06 03:53:36 [notice] 26#26: gracefully shutting down
2022/09/06 03:53:36 [notice] 27#27: gracefully shutting down
2022/09/06 03:53:36 [notice] 28#28: gracefully shutting down
2022/09/06 03:53:36 [notice] 29#29: gracefully shutting down
2022/09/06 03:53:36 [notice] 30#30: gracefully shutting down
2022/09/06 03:53:36 [notice] 24#24: exiting
2022/09/06 03:53:36 [notice] 23#23: exiting
2022/09/06 03:53:36 [notice] 25#25: exiting
2022/09/06 03:53:36 [notice] 26#26: exiting
2022/09/06 03:53:36 [notice] 27#27: exiting
2022/09/06 03:53:36 [notice] 28#28: exiting
2022/09/06 03:53:36 [notice] 29#29: exiting
2022/09/06 03:53:36 [notice] 30#30: exiting
2022/09/06 03:53:36 [notice] 24#24: exit
2022/09/06 03:53:36 [notice] 23#23: exit
2022/09/06 03:53:36 [notice] 25#25: exit
2022/09/06 03:53:36 [notice] 26#26: exit
2022/09/06 03:53:36 [notice] 27#27: exit
2022/09/06 03:53:36 [notice] 28#28: exit
2022/09/06 03:53:36 [notice] 29#29: exit
2022/09/06 03:53:36 [notice] 30#30: exit
2022/09/06 03:53:36 [notice] 1#1: signal 17 (SIGCHLD) received from 26
2022/09/06 03:53:36 [notice] 1#1: worker process 24 exited with code 0
2022/09/06 03:53:36 [notice] 1#1: worker process 26 exited with code 0
2022/09/06 03:53:36 [notice] 1#1: worker process 27 exited with code 0
2022/09/06 03:53:36 [notice] 1#1: worker process 28 exited with code 0
2022/09/06 03:53:36 [notice] 1#1: signal 29 (SIGIO) received
2022/09/06 03:53:36 [notice] 1#1: signal 17 (SIGCHLD) received from 28
2022/09/06 03:53:36 [notice] 1#1: signal 17 (SIGCHLD) received from 25
2022/09/06 03:53:36 [notice] 1#1: worker process 25 exited with code 0
2022/09/06 03:53:36 [notice] 1#1: signal 29 (SIGIO) received
2022/09/06 03:53:36 [notice] 1#1: signal 17 (SIGCHLD) received from 29
2022/09/06 03:53:36 [notice] 1#1: worker process 23 exited with code 0
2022/09/06 03:53:36 [notice] 1#1: worker process 29 exited with code 0
2022/09/06 03:53:36 [notice] 1#1: worker process 30 exited with code 0
2022/09/06 03:53:36 [notice] 1#1: exit
2022/09/06 03:56:20 [notice] 1#1: using the "epoll" event method
2022/09/06 03:56:20 [notice] 1#1: nginx/1.21.6
2022/09/06 03:56:20 [notice] 1#1: built by gcc 10.2.1 20210110 (Debian 10.2.1-6) 
2022/09/06 03:56:20 [notice] 1#1: OS: Linux 5.10.16.3-microsoft-standard-WSL2
2022/09/06 03:56:20 [notice] 1#1: getrlimit(RLIMIT_NOFILE): 1048576:1048576
2022/09/06 03:56:20 [notice] 1#1: start worker processes
2022/09/06 03:56:20 [notice] 1#1: start worker process 22
2022/09/06 03:56:20 [notice] 1#1: start worker process 23
2022/09/06 03:56:20 [notice] 1#1: start worker process 24
2022/09/06 03:56:20 [notice] 1#1: start worker process 25
2022/09/06 03:56:20 [notice] 1#1: start worker process 26
2022/09/06 03:56:20 [notice] 1#1: start worker process 27
2022/09/06 03:56:20 [notice] 1#1: start worker process 28
2022/09/06 03:56:20 [notice] 1#1: start worker process 29
2022/09/06 04:01:26 [notice] 1#1: signal 3 (SIGQUIT) received, shutting down
2022/09/06 04:01:26 [notice] 22#22: gracefully shutting down
2022/09/06 04:01:26 [notice] 23#23: gracefully shutting down
2022/09/06 04:01:26 [notice] 24#24: gracefully shutting down
2022/09/06 04:01:26 [notice] 26#26: gracefully shutting down
2022/09/06 04:01:26 [notice] 27#27: gracefully shutting down
2022/09/06 04:01:26 [notice] 25#25: gracefully shutting down
2022/09/06 04:01:26 [notice] 25#25: exiting
2022/09/06 04:01:26 [notice] 28#28: gracefully shutting down
2022/09/06 04:01:26 [notice] 29#29: gracefully shutting down
2022/09/06 04:01:26 [notice] 22#22: exiting
2022/09/06 04:01:26 [notice] 23#23: exiting
2022/09/06 04:01:26 [notice] 24#24: exiting
2022/09/06 04:01:26 [notice] 26#26: exiting
2022/09/06 04:01:26 [notice] 27#27: exiting
2022/09/06 04:01:26 [notice] 25#25: exit
2022/09/06 04:01:26 [notice] 28#28: exiting
2022/09/06 04:01:26 [notice] 29#29: exiting
2022/09/06 04:01:26 [notice] 22#22: exit
2022/09/06 04:01:26 [notice] 23#23: exit
2022/09/06 04:01:26 [notice] 24#24: exit
2022/09/06 04:01:26 [notice] 26#26: exit
2022/09/06 04:01:26 [notice] 27#27: exit
2022/09/06 04:01:26 [notice] 28#28: exit
2022/09/06 04:01:26 [notice] 29#29: exit
2022/09/06 04:01:26 [notice] 1#1: signal 17 (SIGCHLD) received from 25
2022/09/06 04:01:26 [notice] 1#1: worker process 22 exited with code 0
2022/09/06 04:01:26 [notice] 1#1: worker process 23 exited with code 0
2022/09/06 04:01:26 [notice] 1#1: worker process 24 exited with code 0
2022/09/06 04:01:26 [notice] 1#1: worker process 25 exited with code 0
2022/09/06 04:01:26 [notice] 1#1: worker process 26 exited with code 0
2022/09/06 04:01:26 [notice] 1#1: worker process 29 exited with code 0
2022/09/06 04:01:26 [notice] 1#1: signal 29 (SIGIO) received
2022/09/06 04:01:26 [notice] 1#1: signal 17 (SIGCHLD) received from 24
2022/09/06 04:01:26 [notice] 1#1: signal 17 (SIGCHLD) received from 28
2022/09/06 04:01:26 [notice] 1#1: worker process 28 exited with code 0
2022/09/06 04:01:26 [notice] 1#1: signal 29 (SIGIO) received
2022/09/06 04:01:35 [notice] 1#1: using the "epoll" event method
2022/09/06 04:01:35 [notice] 1#1: nginx/1.21.6
2022/09/06 04:01:35 [notice] 1#1: built by gcc 10.2.1 20210110 (Debian 10.2.1-6) 
2022/09/06 04:01:35 [notice] 1#1: OS: Linux 5.10.16.3-microsoft-standard-WSL2
2022/09/06 04:01:35 [notice] 1#1: getrlimit(RLIMIT_NOFILE): 1048576:1048576
2022/09/06 04:01:35 [notice] 1#1: start worker processes
2022/09/06 04:01:35 [notice] 1#1: start worker process 22
2022/09/06 04:01:35 [notice] 1#1: start worker process 23
2022/09/06 04:01:35 [notice] 1#1: start worker process 24
2022/09/06 04:01:35 [notice] 1#1: start worker process 25
2022/09/06 04:01:35 [notice] 1#1: start worker process 26
2022/09/06 04:01:35 [notice] 1#1: start worker process 27
2022/09/06 04:01:35 [notice] 1#1: start worker process 28
2022/09/06 04:01:35 [notice] 1#1: start worker process 29
2022/09/06 04:33:42 [notice] 1#1: signal 3 (SIGQUIT) received, shutting down
2022/09/06 04:33:42 [notice] 22#22: gracefully shutting down
2022/09/06 04:33:42 [notice] 23#23: gracefully shutting down
2022/09/06 04:33:42 [notice] 24#24: gracefully shutting down
2022/09/06 04:33:42 [notice] 25#25: gracefully shutting down
2022/09/06 04:33:42 [notice] 26#26: gracefully shutting down
2022/09/06 04:33:42 [notice] 27#27: gracefully shutting down
2022/09/06 04:33:42 [notice] 28#28: gracefully shutting down
2022/09/06 04:33:42 [notice] 29#29: gracefully shutting down
2022/09/06 04:33:42 [notice] 22#22: exiting
2022/09/06 04:33:42 [notice] 23#23: exiting
2022/09/06 04:33:42 [notice] 24#24: exiting
2022/09/06 04:33:42 [notice] 25#25: exiting
2022/09/06 04:33:42 [notice] 26#26: exiting
2022/09/06 04:33:42 [notice] 27#27: exiting
2022/09/06 04:33:42 [notice] 28#28: exiting
2022/09/06 04:33:42 [notice] 29#29: exiting
2022/09/06 04:33:42 [notice] 22#22: exit
2022/09/06 04:33:42 [notice] 23#23: exit
2022/09/06 04:33:42 [notice] 24#24: exit
2022/09/06 04:33:42 [notice] 25#25: exit
2022/09/06 04:33:42 [notice] 26#26: exit
2022/09/06 04:33:42 [notice] 27#27: exit
2022/09/06 04:33:42 [notice] 28#28: exit
2022/09/06 04:33:42 [notice] 29#29: exit
2022/09/06 04:33:42 [notice] 1#1: signal 17 (SIGCHLD) received from 25
2022/09/06 04:33:42 [notice] 1#1: worker process 25 exited with code 0
2022/09/06 04:33:42 [notice] 1#1: signal 29 (SIGIO) received
2022/09/06 04:33:42 [notice] 1#1: signal 17 (SIGCHLD) received from 24
2022/09/06 04:33:42 [notice] 1#1: worker process 23 exited with code 0
2022/09/06 04:33:42 [notice] 1#1: worker process 24 exited with code 0
2022/09/06 04:33:42 [notice] 1#1: worker process 26 exited with code 0
2022/09/06 04:33:42 [notice] 1#1: signal 29 (SIGIO) received
2022/09/06 04:33:42 [notice] 1#1: signal 17 (SIGCHLD) received from 28
2022/09/06 04:33:42 [notice] 1#1: worker process 22 exited with code 0
2022/09/06 04:33:42 [notice] 1#1: worker process 28 exited with code 0
2022/09/06 04:33:42 [notice] 1#1: signal 29 (SIGIO) received
2022/09/06 04:33:42 [notice] 1#1: signal 17 (SIGCHLD) received from 29
2022/09/06 04:33:42 [notice] 1#1: worker process 29 exited with code 0
2022/09/06 04:33:42 [notice] 1#1: signal 29 (SIGIO) received
2022/09/06 04:33:42 [notice] 1#1: signal 17 (SIGCHLD) received from 27
2022/09/06 04:33:42 [notice] 1#1: worker process 27 exited with code 0
2022/09/06 04:33:42 [notice] 1#1: exit
2022/09/06 04:33:54 [notice] 1#1: using the "epoll" event method
2022/09/06 04:33:54 [notice] 1#1: nginx/1.21.6
2022/09/06 04:33:54 [notice] 1#1: built by gcc 10.2.1 20210110 (Debian 10.2.1-6) 
2022/09/06 04:33:54 [notice] 1#1: OS: Linux 5.10.16.3-microsoft-standard-WSL2
2022/09/06 04:33:54 [notice] 1#1: getrlimit(RLIMIT_NOFILE): 1048576:1048576
2022/09/06 04:33:54 [notice] 1#1: start worker processes
2022/09/06 04:33:54 [notice] 1#1: start worker process 22
2022/09/06 04:33:54 [notice] 1#1: start worker process 23
2022/09/06 04:33:54 [notice] 1#1: start worker process 24
2022/09/06 04:33:54 [notice] 1#1: start worker process 25
2022/09/06 04:33:54 [notice] 1#1: start worker process 26
2022/09/06 04:33:54 [notice] 1#1: start worker process 27
2022/09/06 04:33:54 [notice] 1#1: start worker process 28
2022/09/06 04:33:54 [notice] 1#1: start worker process 29
2022/09/06 06:01:30 [notice] 1#1: signal 3 (SIGQUIT) received, shutting down
2022/09/06 06:01:30 [notice] 22#22: gracefully shutting down
2022/09/06 06:01:30 [notice] 23#23: gracefully shutting down
2022/09/06 06:01:30 [notice] 24#24: gracefully shutting down
2022/09/06 06:01:30 [notice] 25#25: gracefully shutting down
2022/09/06 06:01:30 [notice] 26#26: gracefully shutting down
2022/09/06 06:01:30 [notice] 27#27: gracefully shutting down
2022/09/06 06:01:30 [notice] 28#28: gracefully shutting down
2022/09/06 06:01:30 [notice] 29#29: gracefully shutting down
2022/09/06 06:01:30 [notice] 22#22: exiting
2022/09/06 06:01:30 [notice] 23#23: exiting
2022/09/06 06:01:30 [notice] 24#24: exiting
2022/09/06 06:01:30 [notice] 25#25: exiting
2022/09/06 06:01:30 [notice] 26#26: exiting
2022/09/06 06:01:30 [notice] 27#27: exiting
2022/09/06 06:01:30 [notice] 28#28: exiting
2022/09/06 06:01:30 [notice] 29#29: exiting
2022/09/06 06:01:30 [notice] 22#22: exit
2022/09/06 06:01:30 [notice] 23#23: exit
2022/09/06 06:01:30 [notice] 24#24: exit
2022/09/06 06:01:30 [notice] 25#25: exit
2022/09/06 06:01:30 [notice] 26#26: exit
2022/09/06 06:01:30 [notice] 27#27: exit
2022/09/06 06:01:30 [notice] 28#28: exit
2022/09/06 06:01:30 [notice] 29#29: exit
2022/09/06 06:01:30 [notice] 1#1: signal 17 (SIGCHLD) received from 29
2022/09/06 06:01:30 [notice] 1#1: worker process 23 exited with code 0
2022/09/06 06:01:30 [notice] 1#1: worker process 24 exited with code 0
2022/09/06 06:01:30 [notice] 1#1: worker process 25 exited with code 0
2022/09/06 06:01:30 [notice] 1#1: worker process 26 exited with code 0
2022/09/06 06:01:30 [notice] 1#1: worker process 27 exited with code 0
2022/09/06 06:01:30 [notice] 1#1: worker process 28 exited with code 0
2022/09/06 06:01:30 [notice] 1#1: worker process 29 exited with code 0
2022/09/06 06:01:31 [notice] 1#1: signal 29 (SIGIO) received
2022/09/06 06:01:31 [notice] 1#1: signal 17 (SIGCHLD) received from 26
2022/09/06 06:01:31 [notice] 1#1: signal 17 (SIGCHLD) received from 22
2022/09/06 06:01:31 [notice] 1#1: worker process 22 exited with code 0
2022/09/06 06:01:31 [notice] 1#1: exit
2022/09/06 06:01:40 [notice] 1#1: using the "epoll" event method
2022/09/06 06:01:40 [notice] 1#1: nginx/1.21.6
2022/09/06 06:01:40 [notice] 1#1: built by gcc 10.2.1 20210110 (Debian 10.2.1-6) 
2022/09/06 06:01:40 [notice] 1#1: OS: Linux 5.10.16.3-microsoft-standard-WSL2
2022/09/06 06:01:40 [notice] 1#1: getrlimit(RLIMIT_NOFILE): 1048576:1048576
2022/09/06 06:01:40 [notice] 1#1: start worker processes
2022/09/06 06:01:40 [notice] 1#1: start worker process 22
2022/09/06 06:01:40 [notice] 1#1: start worker process 23
2022/09/06 06:01:40 [notice] 1#1: start worker process 24
2022/09/06 06:01:40 [notice] 1#1: start worker process 25
2022/09/06 06:01:40 [notice] 1#1: start worker process 26
2022/09/06 06:01:40 [notice] 1#1: start worker process 27
2022/09/06 06:01:40 [notice] 1#1: start worker process 28
2022/09/06 06:01:40 [notice] 1#1: start worker process 29
2022/09/06 06:05:23 [notice] 1#1: signal 3 (SIGQUIT) received, shutting down
2022/09/06 06:05:23 [notice] 22#22: gracefully shutting down
2022/09/06 06:05:23 [notice] 23#23: gracefully shutting down
2022/09/06 06:05:23 [notice] 24#24: gracefully shutting down
2022/09/06 06:05:23 [notice] 25#25: gracefully shutting down
2022/09/06 06:05:23 [notice] 25#25: exiting
2022/09/06 06:05:23 [notice] 26#26: gracefully shutting down
2022/09/06 06:05:23 [notice] 27#27: gracefully shutting down
2022/09/06 06:05:23 [notice] 28#28: gracefully shutting down
2022/09/06 06:05:23 [notice] 29#29: gracefully shutting down
2022/09/06 06:05:23 [notice] 22#22: exiting
2022/09/06 06:05:23 [notice] 23#23: exiting
2022/09/06 06:05:23 [notice] 24#24: exiting
2022/09/06 06:05:23 [notice] 25#25: exit
2022/09/06 06:05:23 [notice] 26#26: exiting
2022/09/06 06:05:23 [notice] 27#27: exiting
2022/09/06 06:05:23 [notice] 28#28: exiting
2022/09/06 06:05:23 [notice] 29#29: exiting
2022/09/06 06:05:23 [notice] 22#22: exit
2022/09/06 06:05:23 [notice] 23#23: exit
2022/09/06 06:05:23 [notice] 24#24: exit
2022/09/06 06:05:23 [notice] 26#26: exit
2022/09/06 06:05:23 [notice] 27#27: exit
2022/09/06 06:05:23 [notice] 28#28: exit
2022/09/06 06:05:23 [notice] 29#29: exit
2022/09/06 06:05:23 [notice] 1#1: signal 17 (SIGCHLD) received from 24
2022/09/06 06:05:23 [notice] 1#1: worker process 23 exited with code 0
2022/09/06 06:05:23 [notice] 1#1: worker process 24 exited with code 0
2022/09/06 06:05:23 [notice] 1#1: worker process 25 exited with code 0
2022/09/06 06:05:23 [notice] 1#1: signal 29 (SIGIO) received
2022/09/06 06:05:23 [notice] 1#1: signal 17 (SIGCHLD) received from 28
2022/09/06 06:05:23 [notice] 1#1: worker process 22 exited with code 0
2022/09/06 06:05:23 [notice] 1#1: worker process 28 exited with code 0
2022/09/06 06:05:23 [notice] 1#1: signal 29 (SIGIO) received
2022/09/06 06:05:23 [notice] 1#1: signal 17 (SIGCHLD) received from 22
2022/09/06 06:05:23 [notice] 1#1: signal 17 (SIGCHLD) received from 27
2022/09/06 06:05:23 [notice] 1#1: worker process 27 exited with code 0
2022/09/06 06:05:23 [notice] 1#1: signal 29 (SIGIO) received
2022/09/06 06:05:23 [notice] 1#1: signal 17 (SIGCHLD) received from 26
2022/09/06 06:05:23 [notice] 1#1: worker process 26 exited with code 0
2022/09/06 06:05:23 [notice] 1#1: worker process 29 exited with code 0
2022/09/06 06:05:24 [notice] 1#1: exit
2022/09/06 06:06:44 [notice] 1#1: using the "epoll" event method
2022/09/06 06:06:44 [notice] 1#1: nginx/1.21.6
2022/09/06 06:06:44 [notice] 1#1: built by gcc 10.2.1 20210110 (Debian 10.2.1-6) 
2022/09/06 06:06:44 [notice] 1#1: OS: Linux 5.10.16.3-microsoft-standard-WSL2
2022/09/06 06:06:44 [notice] 1#1: getrlimit(RLIMIT_NOFILE): 1048576:1048576
2022/09/06 06:06:44 [notice] 1#1: start worker processes
2022/09/06 06:06:44 [notice] 1#1: start worker process 22
2022/09/06 06:06:44 [notice] 1#1: start worker process 23
2022/09/06 06:06:44 [notice] 1#1: start worker process 24
2022/09/06 06:06:44 [notice] 1#1: start worker process 25
2022/09/06 06:06:44 [notice] 1#1: start worker process 26
2022/09/06 06:06:44 [notice] 1#1: start worker process 27
2022/09/06 06:06:44 [notice] 1#1: start worker process 28
2022/09/06 06:06:44 [notice] 1#1: start worker process 29
2022/09/06 06:21:26 [notice] 1#1: using the "epoll" event method
2022/09/06 06:21:26 [notice] 1#1: nginx/1.21.6
2022/09/06 06:21:26 [notice] 1#1: built by gcc 10.2.1 20210110 (Debian 10.2.1-6) 
2022/09/06 06:21:26 [notice] 1#1: OS: Linux 5.10.16.3-microsoft-standard-WSL2
2022/09/06 06:21:26 [notice] 1#1: getrlimit(RLIMIT_NOFILE): 1048576:1048576
2022/09/06 06:21:26 [notice] 1#1: start worker processes
2022/09/06 06:21:26 [notice] 1#1: start worker process 22
2022/09/06 06:21:26 [notice] 1#1: start worker process 23
2022/09/06 06:21:26 [notice] 1#1: start worker process 24
2022/09/06 06:21:26 [notice] 1#1: start worker process 25
2022/09/06 06:21:26 [notice] 1#1: start worker process 26
2022/09/06 06:21:26 [notice] 1#1: start worker process 27
2022/09/06 06:21:26 [notice] 1#1: start worker process 28
2022/09/06 06:21:26 [notice] 1#1: start worker process 29
2022/09/06 06:59:49 [notice] 1#1: signal 3 (SIGQUIT) received, shutting down
2022/09/06 06:59:49 [notice] 22#22: gracefully shutting down
2022/09/06 06:59:49 [notice] 23#23: gracefully shutting down
2022/09/06 06:59:49 [notice] 25#25: gracefully shutting down
2022/09/06 06:59:49 [notice] 24#24: gracefully shutting down
2022/09/06 06:59:49 [notice] 26#26: gracefully shutting down
2022/09/06 06:59:49 [notice] 27#27: gracefully shutting down
2022/09/06 06:59:49 [notice] 28#28: gracefully shutting down
2022/09/06 06:59:49 [notice] 29#29: gracefully shutting down
2022/09/06 06:59:49 [notice] 22#22: exiting
2022/09/06 06:59:49 [notice] 23#23: exiting
2022/09/06 06:59:49 [notice] 25#25: exiting
2022/09/06 06:59:49 [notice] 24#24: exiting
2022/09/06 06:59:49 [notice] 26#26: exiting
2022/09/06 06:59:49 [notice] 27#27: exiting
2022/09/06 06:59:49 [notice] 28#28: exiting
2022/09/06 06:59:49 [notice] 29#29: exiting
2022/09/06 06:59:49 [notice] 22#22: exit
2022/09/06 06:59:49 [notice] 23#23: exit
2022/09/06 06:59:49 [notice] 25#25: exit
2022/09/06 06:59:49 [notice] 24#24: exit
2022/09/06 06:59:49 [notice] 26#26: exit
2022/09/06 06:59:49 [notice] 27#27: exit
2022/09/06 06:59:49 [notice] 28#28: exit
2022/09/06 06:59:49 [notice] 29#29: exit
2022/09/06 06:59:49 [notice] 1#1: signal 17 (SIGCHLD) received from 25
2022/09/06 06:59:49 [notice] 1#1: worker process 24 exited with code 0
2022/09/06 06:59:49 [notice] 1#1: worker process 25 exited with code 0
2022/09/06 06:59:49 [notice] 1#1: signal 29 (SIGIO) received
2022/09/06 06:59:49 [notice] 1#1: signal 17 (SIGCHLD) received from 28
2022/09/06 06:59:49 [notice] 1#1: worker process 28 exited with code 0
2022/09/06 06:59:49 [notice] 1#1: signal 29 (SIGIO) received
2022/09/06 06:59:49 [notice] 1#1: signal 17 (SIGCHLD) received from 29
2022/09/06 06:59:49 [notice] 1#1: worker process 23 exited with code 0
2022/09/06 06:59:49 [notice] 1#1: worker process 29 exited with code 0
2022/09/06 06:59:49 [notice] 1#1: signal 29 (SIGIO) received
2022/09/06 06:59:49 [notice] 1#1: signal 17 (SIGCHLD) received from 27
2022/09/06 06:59:49 [notice] 1#1: worker process 22 exited with code 0
2022/09/06 06:59:49 [notice] 1#1: worker process 26 exited with code 0
2022/09/06 06:59:49 [notice] 1#1: worker process 27 exited with code 0
2022/09/06 06:59:49 [notice] 1#1: exit
2022/09/06 07:03:51 [notice] 1#1: using the "epoll" event method
2022/09/06 07:03:51 [notice] 1#1: nginx/1.21.6
2022/09/06 07:03:51 [notice] 1#1: built by gcc 10.2.1 20210110 (Debian 10.2.1-6) 
2022/09/06 07:03:51 [notice] 1#1: OS: Linux 5.10.16.3-microsoft-standard-WSL2
2022/09/06 07:03:51 [notice] 1#1: getrlimit(RLIMIT_NOFILE): 1048576:1048576
2022/09/06 07:03:51 [notice] 1#1: start worker processes
2022/09/06 07:03:51 [notice] 1#1: start worker process 22
2022/09/06 07:03:51 [notice] 1#1: start worker process 23
2022/09/06 07:03:51 [notice] 1#1: start worker process 24
2022/09/06 07:03:51 [notice] 1#1: start worker process 25
2022/09/06 07:03:51 [notice] 1#1: start worker process 26
2022/09/06 07:03:51 [notice] 1#1: start worker process 27
2022/09/06 07:03:51 [notice] 1#1: start worker process 28
2022/09/06 07:03:51 [notice] 1#1: start worker process 29
2022/09/09 00:46:29 [notice] 1#1: using the "epoll" event method
2022/09/09 00:46:29 [notice] 1#1: nginx/1.21.6
2022/09/09 00:46:29 [notice] 1#1: built by gcc 10.2.1 20210110 (Debian 10.2.1-6) 
2022/09/09 00:46:29 [notice] 1#1: OS: Linux 5.10.16.3-microsoft-standard-WSL2
2022/09/09 00:46:29 [notice] 1#1: getrlimit(RLIMIT_NOFILE): 1048576:1048576
2022/09/09 00:46:29 [notice] 1#1: start worker processes
2022/09/09 00:46:29 [notice] 1#1: start worker process 22
2022/09/09 00:46:29 [notice] 1#1: start worker process 23
2022/09/09 00:46:29 [notice] 1#1: start worker process 24
2022/09/09 00:46:29 [notice] 1#1: start worker process 25
2022/09/09 00:46:29 [notice] 1#1: start worker process 26
2022/09/09 00:46:29 [notice] 1#1: start worker process 27
2022/09/09 00:46:29 [notice] 1#1: start worker process 28
2022/09/09 00:46:29 [notice] 1#1: start worker process 29
2022/09/12 00:40:20 [notice] 1#1: using the "epoll" event method
2022/09/12 00:40:20 [notice] 1#1: nginx/1.21.6
2022/09/12 00:40:20 [notice] 1#1: built by gcc 10.2.1 20210110 (Debian 10.2.1-6) 
2022/09/12 00:40:20 [notice] 1#1: OS: Linux 5.10.16.3-microsoft-standard-WSL2
2022/09/12 00:40:20 [notice] 1#1: getrlimit(RLIMIT_NOFILE): 1048576:1048576
2022/09/12 00:40:20 [notice] 1#1: start worker processes
2022/09/12 00:40:20 [notice] 1#1: start worker process 23
2022/09/12 00:40:20 [notice] 1#1: start worker process 24
2022/09/12 00:40:20 [notice] 1#1: start worker process 25
2022/09/12 00:40:20 [notice] 1#1: start worker process 26
2022/09/12 00:40:20 [notice] 1#1: start worker process 27
2022/09/12 00:40:20 [notice] 1#1: start worker process 28
2022/09/12 00:40:20 [notice] 1#1: start worker process 29
2022/09/12 00:40:20 [notice] 1#1: start worker process 30
2022/09/15 00:40:54 [notice] 1#1: using the "epoll" event method
2022/09/15 00:40:54 [notice] 1#1: nginx/1.21.6
2022/09/15 00:40:54 [notice] 1#1: built by gcc 10.2.1 20210110 (Debian 10.2.1-6) 
2022/09/15 00:40:54 [notice] 1#1: OS: Linux 5.10.16.3-microsoft-standard-WSL2
2022/09/15 00:40:54 [notice] 1#1: getrlimit(RLIMIT_NOFILE): 1048576:1048576
2022/09/15 00:40:54 [notice] 1#1: start worker processes
2022/09/15 00:40:54 [notice] 1#1: start worker process 21
2022/09/15 00:40:54 [notice] 1#1: start worker process 22
2022/09/15 00:40:54 [notice] 1#1: start worker process 23
2022/09/15 00:40:54 [notice] 1#1: start worker process 24
2022/09/15 00:40:54 [notice] 1#1: start worker process 25
2022/09/15 00:40:54 [notice] 1#1: start worker process 26
2022/09/15 00:40:54 [notice] 1#1: start worker process 27
2022/09/15 00:40:54 [notice] 1#1: start worker process 28
2022/09/19 00:49:42 [notice] 1#1: using the "epoll" event method
2022/09/19 00:49:42 [notice] 1#1: nginx/1.21.6
2022/09/19 00:49:42 [notice] 1#1: built by gcc 10.2.1 20210110 (Debian 10.2.1-6) 
2022/09/19 00:49:42 [notice] 1#1: OS: Linux 5.10.16.3-microsoft-standard-WSL2
2022/09/19 00:49:42 [notice] 1#1: getrlimit(RLIMIT_NOFILE): 1048576:1048576
2022/09/19 00:49:42 [notice] 1#1: start worker processes
2022/09/19 00:49:42 [notice] 1#1: start worker process 22
2022/09/19 00:49:42 [notice] 1#1: start worker process 23
2022/09/19 00:49:42 [notice] 1#1: start worker process 24
2022/09/19 00:49:42 [notice] 1#1: start worker process 25
2022/09/19 00:49:42 [notice] 1#1: start worker process 26
2022/09/19 00:49:42 [notice] 1#1: start worker process 27
2022/09/19 00:49:42 [notice] 1#1: start worker process 28
2022/09/19 00:49:42 [notice] 1#1: start worker process 29
2022/09/19 03:53:18 [notice] 1#1: signal 3 (SIGQUIT) received, shutting down
2022/09/19 03:53:18 [notice] 22#22: gracefully shutting down
2022/09/19 03:53:18 [notice] 23#23: gracefully shutting down
2022/09/19 03:53:18 [notice] 25#25: gracefully shutting down
2022/09/19 03:53:18 [notice] 24#24: gracefully shutting down
2022/09/19 03:53:18 [notice] 26#26: gracefully shutting down
2022/09/19 03:53:18 [notice] 28#28: gracefully shutting down
2022/09/19 03:53:18 [notice] 29#29: gracefully shutting down
2022/09/19 03:53:18 [notice] 27#27: gracefully shutting down
2022/09/19 03:53:18 [notice] 22#22: exiting
2022/09/19 03:53:18 [notice] 23#23: exiting
2022/09/19 03:53:18 [notice] 25#25: exiting
2022/09/19 03:53:18 [notice] 24#24: exiting
2022/09/19 03:53:18 [notice] 26#26: exiting
2022/09/19 03:53:18 [notice] 28#28: exiting
2022/09/19 03:53:18 [notice] 29#29: exiting
2022/09/19 03:53:18 [notice] 27#27: exiting
2022/09/19 03:53:18 [notice] 22#22: exit
2022/09/19 03:53:18 [notice] 23#23: exit
2022/09/19 03:53:18 [notice] 25#25: exit
2022/09/19 03:53:18 [notice] 24#24: exit
2022/09/19 03:53:18 [notice] 26#26: exit
2022/09/19 03:53:18 [notice] 28#28: exit
2022/09/19 03:53:18 [notice] 29#29: exit
2022/09/19 03:53:18 [notice] 27#27: exit
2022/09/19 03:53:18 [notice] 1#1: signal 17 (SIGCHLD) received from 22
2022/09/19 03:53:18 [notice] 1#1: worker process 22 exited with code 0
2022/09/19 03:53:18 [notice] 1#1: worker process 23 exited with code 0
2022/09/19 03:53:18 [notice] 1#1: worker process 24 exited with code 0
2022/09/19 03:53:18 [notice] 1#1: worker process 25 exited with code 0
2022/09/19 03:53:18 [notice] 1#1: worker process 26 exited with code 0
2022/09/19 03:53:18 [notice] 1#1: worker process 27 exited with code 0
2022/09/19 03:53:18 [notice] 1#1: worker process 29 exited with code 0
2022/09/19 03:53:18 [notice] 1#1: signal 29 (SIGIO) received
2022/09/19 03:53:18 [notice] 1#1: signal 17 (SIGCHLD) received from 25
2022/09/19 03:53:18 [notice] 1#1: signal 17 (SIGCHLD) received from 28
2022/09/19 03:53:18 [notice] 1#1: worker process 28 exited with code 0
2022/09/19 03:53:18 [notice] 1#1: exit
2022/10/07 02:00:14 [notice] 1#1: using the "epoll" event method
2022/10/07 02:00:14 [notice] 1#1: nginx/1.21.6
2022/10/07 02:00:14 [notice] 1#1: built by gcc 10.2.1 20210110 (Debian 10.2.1-6) 
2022/10/07 02:00:14 [notice] 1#1: OS: Linux 5.10.16.3-microsoft-standard-WSL2
2022/10/07 02:00:14 [notice] 1#1: getrlimit(RLIMIT_NOFILE): 1048576:1048576
2022/10/07 02:00:14 [notice] 1#1: start worker processes
2022/10/07 02:00:14 [notice] 1#1: start worker process 22
2022/10/07 02:00:14 [notice] 1#1: start worker process 23
2022/10/07 02:00:14 [notice] 1#1: start worker process 24
2022/10/07 02:00:14 [notice] 1#1: start worker process 25
2022/10/07 02:00:14 [notice] 1#1: start worker process 26
2022/10/07 02:00:14 [notice] 1#1: start worker process 27
2022/10/07 02:00:14 [notice] 1#1: start worker process 28
2022/10/07 02:00:14 [notice] 1#1: start worker process 29
2022/10/10 00:54:51 [notice] 1#1: using the "epoll" event method
2022/10/10 00:54:51 [notice] 1#1: nginx/1.21.6
2022/10/10 00:54:51 [notice] 1#1: built by gcc 10.2.1 20210110 (Debian 10.2.1-6) 
2022/10/10 00:54:51 [notice] 1#1: OS: Linux 5.10.16.3-microsoft-standard-WSL2
2022/10/10 00:54:51 [notice] 1#1: getrlimit(RLIMIT_NOFILE): 1048576:1048576
2022/10/10 00:54:51 [notice] 1#1: start worker processes
2022/10/10 00:54:51 [notice] 1#1: start worker process 22
2022/10/10 00:54:51 [notice] 1#1: start worker process 23
2022/10/10 00:54:51 [notice] 1#1: start worker process 24
2022/10/10 00:54:51 [notice] 1#1: start worker process 25
2022/10/10 00:54:51 [notice] 1#1: start worker process 26
2022/10/10 00:54:51 [notice] 1#1: start worker process 27
2022/10/10 00:54:51 [notice] 1#1: start worker process 28
2022/10/10 00:54:51 [notice] 1#1: start worker process 29
2022/10/12 00:41:49 [notice] 1#1: using the "epoll" event method
2022/10/12 00:41:49 [notice] 1#1: nginx/1.21.6
2022/10/12 00:41:49 [notice] 1#1: built by gcc 10.2.1 20210110 (Debian 10.2.1-6) 
2022/10/12 00:41:49 [notice] 1#1: OS: Linux 5.10.16.3-microsoft-standard-WSL2
2022/10/12 00:41:49 [notice] 1#1: getrlimit(RLIMIT_NOFILE): 1048576:1048576
2022/10/12 00:41:49 [notice] 1#1: start worker processes
2022/10/12 00:41:49 [notice] 1#1: start worker process 22
2022/10/12 00:41:49 [notice] 1#1: start worker process 23
2022/10/12 00:41:49 [notice] 1#1: start worker process 24
2022/10/12 00:41:49 [notice] 1#1: start worker process 25
2022/10/12 00:41:49 [notice] 1#1: start worker process 26
2022/10/12 00:41:49 [notice] 1#1: start worker process 27
2022/10/12 00:41:49 [notice] 1#1: start worker process 28
2022/10/12 00:41:49 [notice] 1#1: start worker process 29
2022/10/12 04:21:01 [notice] 1#1: signal 3 (SIGQUIT) received, shutting down
2022/10/12 04:21:01 [notice] 23#23: gracefully shutting down
2022/10/12 04:21:01 [notice] 29#29: gracefully shutting down
2022/10/12 04:21:01 [notice] 24#24: gracefully shutting down
2022/10/12 04:21:01 [notice] 25#25: gracefully shutting down
2022/10/12 04:21:01 [notice] 26#26: gracefully shutting down
2022/10/12 04:21:01 [notice] 25#25: exiting
2022/10/12 04:21:01 [notice] 28#28: gracefully shutting down
2022/10/12 04:21:01 [notice] 27#27: gracefully shutting down
2022/10/12 04:21:01 [notice] 23#23: exiting
2022/10/12 04:21:01 [notice] 29#29: exiting
2022/10/12 04:21:01 [notice] 24#24: exiting
2022/10/12 04:21:01 [notice] 26#26: exiting
2022/10/12 04:21:01 [notice] 29#29: exit
2022/10/12 04:21:01 [notice] 25#25: exit
2022/10/12 04:21:01 [notice] 23#23: exit
2022/10/12 04:21:01 [notice] 26#26: exit
2022/10/12 04:21:01 [notice] 24#24: exit
2022/10/12 04:21:01 [notice] 22#22: gracefully shutting down
2022/10/12 04:21:01 [notice] 28#28: exiting
2022/10/12 04:21:01 [notice] 27#27: exiting
2022/10/12 04:21:01 [notice] 28#28: exit
2022/10/12 04:21:01 [notice] 27#27: exit
2022/10/12 04:21:01 [notice] 1#1: signal 17 (SIGCHLD) received from 28
2022/10/12 04:21:01 [notice] 1#1: worker process 28 exited with code 0
2022/10/12 04:21:01 [notice] 1#1: signal 29 (SIGIO) received
2022/10/12 04:21:01 [notice] 1#1: signal 17 (SIGCHLD) received from 25
2022/10/12 04:21:01 [notice] 1#1: worker process 23 exited with code 0
2022/10/12 04:21:01 [notice] 1#1: worker process 24 exited with code 0
2022/10/12 04:21:01 [notice] 1#1: worker process 25 exited with code 0
2022/10/12 04:21:01 [notice] 1#1: worker process 26 exited with code 0
2022/10/12 04:21:01 [notice] 1#1: signal 29 (SIGIO) received
2022/10/12 04:21:01 [notice] 1#1: signal 17 (SIGCHLD) received from 27
2022/10/12 04:21:01 [notice] 1#1: worker process 27 exited with code 0
2022/10/12 04:21:01 [notice] 1#1: signal 29 (SIGIO) received
2022/10/12 04:21:01 [notice] 1#1: signal 17 (SIGCHLD) received from 29
2022/10/12 04:21:01 [notice] 1#1: worker process 29 exited with code 0
2022/10/12 04:21:01 [notice] 1#1: signal 29 (SIGIO) received
2022/10/19 07:03:25 [notice] 1#1: using the "epoll" event method
2022/10/19 07:03:25 [notice] 1#1: nginx/1.21.6
2022/10/19 07:03:25 [notice] 1#1: built by gcc 10.2.1 20210110 (Debian 10.2.1-6) 
2022/10/19 07:03:25 [notice] 1#1: OS: Linux 5.10.16.3-microsoft-standard-WSL2
2022/10/19 07:03:25 [notice] 1#1: getrlimit(RLIMIT_NOFILE): 1048576:1048576
2022/10/19 07:03:25 [notice] 1#1: start worker processes
2022/10/19 07:03:25 [notice] 1#1: start worker process 22
2022/10/19 07:03:25 [notice] 1#1: start worker process 23
2022/10/19 07:03:25 [notice] 1#1: start worker process 24
2022/10/19 07:03:25 [notice] 1#1: start worker process 25
2022/10/19 07:03:25 [notice] 1#1: start worker process 26
2022/10/19 07:03:25 [notice] 1#1: start worker process 27
2022/10/19 07:03:25 [notice] 1#1: start worker process 28
2022/10/19 07:03:25 [notice] 1#1: start worker process 29
2022/10/24 00:45:00 [notice] 1#1: using the "epoll" event method
2022/10/24 00:45:00 [notice] 1#1: nginx/1.21.6
2022/10/24 00:45:00 [notice] 1#1: built by gcc 10.2.1 20210110 (Debian 10.2.1-6) 
2022/10/24 00:45:00 [notice] 1#1: OS: Linux 5.10.16.3-microsoft-standard-WSL2
2022/10/24 00:45:00 [notice] 1#1: getrlimit(RLIMIT_NOFILE): 1048576:1048576
2022/10/24 00:45:00 [notice] 1#1: start worker processes
2022/10/24 00:45:00 [notice] 1#1: start worker process 22
2022/10/24 00:45:00 [notice] 1#1: start worker process 23
2022/10/24 00:45:00 [notice] 1#1: start worker process 24
2022/10/24 00:45:00 [notice] 1#1: start worker process 25
2022/10/24 00:45:00 [notice] 1#1: start worker process 26
2022/10/24 00:45:00 [notice] 1#1: start worker process 27
2022/10/24 00:45:00 [notice] 1#1: start worker process 28
2022/10/24 00:45:00 [notice] 1#1: start worker process 29
